<?xml version="1.0" encoding="UTF-8"?>
<testsuites name="Mocha Tests" time="0.0000" tests="1" failures="1">
  <testsuite name="Root Suite" timestamp="2022-05-17T05:56:07" tests="0" file="cypress/integration/todo.spec.ts" time="0.0000" failures="0">
  </testsuite>
  <testsuite name="My First Test" timestamp="2022-05-17T05:56:07" tests="1" time="0.0000" failures="1">
    <testcase name="My First Test Visits todo page" time="0.0000" classname="Visits todo page">
      <failure message="Timed out retrying after 4000ms: Too many elements found. Found &apos;2&apos;, expected &apos;1&apos;." type="AssertionError"><![CDATA[AssertionError: Timed out retrying after 4000ms: Too many elements found. Found '2', expected '1'.
    at Context.eval (http://localhost:3000/__cypress/tests?p=cypress/integration/todo.spec.ts:104:39)]]></failure>
    </testcase>
  </testsuite>
</testsuites>