<?xml version="1.0" encoding="UTF-8"?>
<testsuites name="Mocha Tests" time="8.4210" tests="1" failures="0">
  <testsuite name="Root Suite" timestamp="2022-05-03T03:23:10" tests="0" file="cypress/integration/todo.spec.js" time="0.0000" failures="0">
  </testsuite>
  <testsuite name="My First Test" timestamp="2022-05-03T03:23:10" tests="1" time="8.4210" failures="0">
    <testcase name="My First Test Visits todo page" time="8.4210" classname="Visits todo page">
    </testcase>
  </testsuite>
</testsuites>