<?xml version="1.0" encoding="UTF-8"?>
<testsuites name="Mocha Tests" time="0.0000" tests="1" failures="1">
  <testsuite name="Root Suite" timestamp="2022-05-03T02:36:12" tests="0" file="cypress/integration/todo.spec.js" time="0.0000" failures="0">
  </testsuite>
  <testsuite name="My First Test" timestamp="2022-05-03T02:36:12" tests="1" time="0.0000" failures="1">
    <testcase name="My First Test Visits todo page" time="0.0000" classname="Visits todo page">
      <failure message="cy.get(...).contain is not a function" type="TypeError"><![CDATA[TypeError: cy.get(...).contain is not a function
    at Context.eval (http://localhost:3000/__cypress/tests?p=cypress/integration/todo.spec.js:172:35)]]></failure>
    </testcase>
  </testsuite>
</testsuites>