<?xml version="1.0" encoding="UTF-8"?>
<testsuites name="Mocha Tests" time="0.7370" tests="1" failures="0">
  <testsuite name="Root Suite" timestamp="2022-06-28T13:00:49" tests="0" file="cypress/e2e/todo.cy.ts" time="0.0000" failures="0">
  </testsuite>
  <testsuite name="todo test" timestamp="2022-06-28T13:00:49" tests="1" time="0.7370" failures="0">
    <testcase name="todo test check home" time="0.7370" classname="check home">
    </testcase>
  </testsuite>
</testsuites>