<?xml version="1.0" encoding="UTF-8"?>
<testsuites name="Mocha Tests" time="0.0000" tests="1" failures="1">
  <testsuite name="Root Suite" timestamp="2022-05-03T02:57:25" tests="0" file="cypress/integration/todo.spec.js" time="0.0000" failures="0">
  </testsuite>
  <testsuite name="My First Test" timestamp="2022-05-03T02:57:26" tests="1" time="0.0000" failures="1">
    <testcase name="My First Test Visits todo page" time="0.0000" classname="Visits todo page">
      <failure message="Timed out retrying after 4000ms: Expected to find content: &apos;Testing&apos; within the element: &lt;div.p-card-title&gt; but never did." type="AssertionError"><![CDATA[AssertionError: Timed out retrying after 4000ms: Expected to find content: 'Testing' within the element: <div.p-card-title> but never did.
    at Context.eval (http://localhost:3000/__cypress/tests?p=cypress/integration/todo.spec.js:174:31)]]></failure>
    </testcase>
  </testsuite>
</testsuites>