<?xml version="1.0" encoding="UTF-8"?>
<testsuites name="Mocha Tests" time="8.9850" tests="1" failures="0">
  <testsuite name="Root Suite" timestamp="2022-05-05T01:34:28" tests="0" file="cypress/integration/todo.spec.ts" time="0.0000" failures="0">
  </testsuite>
  <testsuite name="My First Test" timestamp="2022-05-05T01:34:28" tests="1" time="8.9850" failures="0">
    <testcase name="My First Test Visits todo page" time="8.9850" classname="Visits todo page">
    </testcase>
  </testsuite>
</testsuites>