<?xml version="1.0" encoding="UTF-8"?>
<testsuites name="Mocha Tests" time="6.6160" tests="3" failures="0">
  <testsuite name="Root Suite" timestamp="2022-05-18T01:28:23" tests="0" file="cypress/integration/todo.spec.ts" time="0.0000" failures="0">
  </testsuite>
  <testsuite name="My First Test" timestamp="2022-05-18T01:28:23" tests="3" time="6.6160" failures="0">
    <testcase name="My First Test Visits todo page" time="3.4190" classname="Visits todo page">
    </testcase>
    <testcase name="My First Test Header Bar" time="1.6090" classname="Header Bar">
    </testcase>
    <testcase name="My First Test create todo" time="1.5880" classname="create todo">
    </testcase>
  </testsuite>
</testsuites>