<?xml version="1.0" encoding="UTF-8"?>
<testsuites name="Mocha Tests" time="5.3080" tests="2" failures="0">
  <testsuite name="Root Suite" timestamp="2022-05-17T06:32:29" tests="0" file="cypress/integration/todo.spec.ts" time="0.0000" failures="0">
  </testsuite>
  <testsuite name="My First Test" timestamp="2022-05-17T06:32:29" tests="2" time="5.3080" failures="0">
    <testcase name="My First Test Visits todo page" time="3.9060" classname="Visits todo page">
    </testcase>
    <testcase name="My First Test Header Bar" time="1.4020" classname="Header Bar">
    </testcase>
  </testsuite>
</testsuites>